goroutine profile: total 13
5 @ 0x439936 0x449ade 0x900a65 0x959bae 0x959b94 0x46b7e1
#	0x900a64	github.com/Workiva/go-datastructures/queue.(*Queue).Poll+0x264			/home/fregie/go/pkg/mod/github.com/!workiva/go-datastructures@v1.0.53/queue/queue.go:241
#	0x959bad	github.com/Workiva/go-datastructures/queue.(*Queue).Get+0x4d			/home/fregie/go/pkg/mod/github.com/!workiva/go-datastructures@v1.0.53/queue/queue.go:209
#	0x959b93	github.com/fregie/img_syncer/server/imgmanager.(*ImgManager).runWorker+0x33	/home/fregie/software/img_syncer/server/imgmanager/imgmanager.go:92

1 @ 0x42ed56 0x465ba5 0x70ee15 0x70ec2d 0x70b9cb 0x95f8e8 0x95ebe5 0x8b8830 0x8a3267 0x8a4b30 0x89d4b8 0x46b7e1
#	0x465ba4	runtime/pprof.runtime_goroutineProfileWithLabels+0x24			/usr/go/src/runtime/mprof.go:844
#	0x70ee14	runtime/pprof.writeRuntimeProfile+0xb4					/usr/go/src/runtime/pprof/pprof.go:734
#	0x70ec2c	runtime/pprof.writeGoroutine+0x4c					/usr/go/src/runtime/pprof/pprof.go:694
#	0x70b9ca	runtime/pprof.(*Profile).WriteTo+0x14a					/usr/go/src/runtime/pprof/pprof.go:329
#	0x95f8e7	github.com/fregie/img_syncer/server/api.saveGoroutineProfile+0x107	/home/fregie/software/img_syncer/server/api/img.go:214
#	0x95ebe4	github.com/fregie/img_syncer/server/api.(*api).GetThumbnail+0x64	/home/fregie/software/img_syncer/server/api/img.go:113
#	0x8b882f	github.com/fregie/img_syncer/proto._ImgSyncer_GetThumbnail_Handler+0xcf	/home/fregie/software/img_syncer/proto/img_syncer_grpc.pb.go:350
#	0x8a3266	google.golang.org/grpc.(*Server).processStreamingRPC+0x1246		/home/fregie/go/pkg/mod/google.golang.org/grpc@v1.53.0/server.go:1620
#	0x8a4b2f	google.golang.org/grpc.(*Server).handleStream+0x9ef			/home/fregie/go/pkg/mod/google.golang.org/grpc@v1.53.0/server.go:1708
#	0x89d4b7	google.golang.org/grpc.(*Server).serveStreams.func1.2+0x97		/home/fregie/go/pkg/mod/google.golang.org/grpc@v1.53.0/server.go:965

1 @ 0x439936 0x432297 0x465fc9 0x49e072 0x49f459 0x49f447 0x5271a9 0x538a45 0x476f3a 0x8e4737 0x8e4702 0x8ddfbf 0x46b7e1
#	0x465fc8	internal/poll.runtime_pollWait+0x88				/usr/go/src/runtime/netpoll.go:306
#	0x49e071	internal/poll.(*pollDesc).wait+0x31				/usr/go/src/internal/poll/fd_poll_runtime.go:84
#	0x49f458	internal/poll.(*pollDesc).waitRead+0x298			/usr/go/src/internal/poll/fd_poll_runtime.go:89
#	0x49f446	internal/poll.(*FD).Read+0x286					/usr/go/src/internal/poll/fd_unix.go:167
#	0x5271a8	net.(*netFD).Read+0x28						/usr/go/src/net/fd_posix.go:55
#	0x538a44	net.(*conn).Read+0x44						/usr/go/src/net/net.go:183
#	0x476f39	io.ReadAtLeast+0x99						/usr/go/src/io/io.go:332
#	0x8e4736	io.ReadFull+0x56						/usr/go/src/io/io.go:351
#	0x8e4701	github.com/hirochachacha/go-smb2.(*directTCP).ReadSize+0x21	/home/fregie/go/pkg/mod/github.com/hirochachacha/go-smb2@v1.1.0/transport.go:56
#	0x8ddfbe	github.com/hirochachacha/go-smb2.(*conn).runReciever+0x5e	/home/fregie/go/pkg/mod/github.com/hirochachacha/go-smb2@v1.1.0/conn.go:505

1 @ 0x439936 0x432297 0x465fc9 0x49e072 0x49f459 0x49f447 0x5271a9 0x538a45 0x6586fb 0x476f3a 0x80924e 0x809208 0x809a95 0x832694 0x89d0e9 0x89c966 0x46b7e1
#	0x465fc8	internal/poll.runtime_pollWait+0x88						/usr/go/src/runtime/netpoll.go:306
#	0x49e071	internal/poll.(*pollDesc).wait+0x31						/usr/go/src/internal/poll/fd_poll_runtime.go:84
#	0x49f458	internal/poll.(*pollDesc).waitRead+0x298					/usr/go/src/internal/poll/fd_poll_runtime.go:89
#	0x49f446	internal/poll.(*FD).Read+0x286							/usr/go/src/internal/poll/fd_unix.go:167
#	0x5271a8	net.(*netFD).Read+0x28								/usr/go/src/net/fd_posix.go:55
#	0x538a44	net.(*conn).Read+0x44								/usr/go/src/net/net.go:183
#	0x6586fa	bufio.(*Reader).Read+0x1ba							/usr/go/src/bufio/bufio.go:237
#	0x476f39	io.ReadAtLeast+0x99								/usr/go/src/io/io.go:332
#	0x80924d	io.ReadFull+0x6d								/usr/go/src/io/io.go:351
#	0x809207	golang.org/x/net/http2.readFrameHeader+0x27					/home/fregie/go/pkg/mod/golang.org/x/net@v0.5.0/http2/frame.go:237
#	0x809a94	golang.org/x/net/http2.(*Framer).ReadFrame+0x94					/home/fregie/go/pkg/mod/golang.org/x/net@v0.5.0/http2/frame.go:498
#	0x832693	google.golang.org/grpc/internal/transport.(*http2Server).HandleStreams+0x173	/home/fregie/go/pkg/mod/google.golang.org/grpc@v1.53.0/internal/transport/http2_server.go:631
#	0x89d0e8	google.golang.org/grpc.(*Server).serveStreams+0x188				/home/fregie/go/pkg/mod/google.golang.org/grpc@v1.53.0/server.go:949
#	0x89c965	google.golang.org/grpc.(*Server).handleRawConn.func1+0x45			/home/fregie/go/pkg/mod/google.golang.org/grpc@v1.53.0/server.go:891

1 @ 0x439936 0x432297 0x465fc9 0x49e072 0x4a397d 0x4a396b 0x529335 0x541885 0x54097d 0x6be945 0x6be57d 0x6bf956 0x46b7e1
#	0x465fc8	internal/poll.runtime_pollWait+0x88		/usr/go/src/runtime/netpoll.go:306
#	0x49e071	internal/poll.(*pollDesc).wait+0x31		/usr/go/src/internal/poll/fd_poll_runtime.go:84
#	0x4a397c	internal/poll.(*pollDesc).waitRead+0x2bc	/usr/go/src/internal/poll/fd_poll_runtime.go:89
#	0x4a396a	internal/poll.(*FD).Accept+0x2aa		/usr/go/src/internal/poll/fd_unix.go:614
#	0x529334	net.(*netFD).accept+0x34			/usr/go/src/net/fd_unix.go:172
#	0x541884	net.(*TCPListener).accept+0x24			/usr/go/src/net/tcpsock_posix.go:148
#	0x54097c	net.(*TCPListener).Accept+0x3c			/usr/go/src/net/tcpsock.go:297
#	0x6be944	net/http.(*Server).Serve+0x384			/usr/go/src/net/http/server.go:3059
#	0x6be57c	net/http.(*Server).ListenAndServe+0x7c		/usr/go/src/net/http/server.go:2988
#	0x6bf955	net/http.ListenAndServe+0x95			/usr/go/src/net/http/server.go:3242

1 @ 0x439936 0x432297 0x465fc9 0x49e072 0x4a397d 0x4a396b 0x529335 0x541885 0x54097d 0x89bf95 0x963e45 0x439507 0x46b7e1
#	0x465fc8	internal/poll.runtime_pollWait+0x88		/usr/go/src/runtime/netpoll.go:306
#	0x49e071	internal/poll.(*pollDesc).wait+0x31		/usr/go/src/internal/poll/fd_poll_runtime.go:84
#	0x4a397c	internal/poll.(*pollDesc).waitRead+0x2bc	/usr/go/src/internal/poll/fd_poll_runtime.go:89
#	0x4a396a	internal/poll.(*FD).Accept+0x2aa		/usr/go/src/internal/poll/fd_unix.go:614
#	0x529334	net.(*netFD).accept+0x34			/usr/go/src/net/fd_unix.go:172
#	0x541884	net.(*TCPListener).accept+0x24			/usr/go/src/net/tcpsock_posix.go:148
#	0x54097c	net.(*TCPListener).Accept+0x3c			/usr/go/src/net/tcpsock.go:297
#	0x89bf94	google.golang.org/grpc.(*Server).Serve+0x474	/home/fregie/go/pkg/mod/google.golang.org/grpc@v1.53.0/server.go:823
#	0x963e44	main.main+0x244					/home/fregie/software/img_syncer/server/main.go:53
#	0x439506	runtime.main+0x206				/usr/go/src/runtime/proc.go:250

1 @ 0x439936 0x449ade 0x8172d5 0x8179e5 0x82f3ae 0x46b7e1
#	0x8172d4	google.golang.org/grpc/internal/transport.(*controlBuffer).get+0x114	/home/fregie/go/pkg/mod/google.golang.org/grpc@v1.53.0/internal/transport/controlbuf.go:416
#	0x8179e4	google.golang.org/grpc/internal/transport.(*loopyWriter).run+0x84	/home/fregie/go/pkg/mod/google.golang.org/grpc@v1.53.0/internal/transport/controlbuf.go:534
#	0x82f3ad	google.golang.org/grpc/internal/transport.NewServerTransport.func2+0xcd	/home/fregie/go/pkg/mod/google.golang.org/grpc@v1.53.0/internal/transport/http2_server.go:336

1 @ 0x439936 0x449ade 0x836b93 0x46b7e1
#	0x836b92	google.golang.org/grpc/internal/transport.(*http2Server).keepalive+0x232	/home/fregie/go/pkg/mod/google.golang.org/grpc@v1.53.0/internal/transport/http2_server.go:1144

1 @ 0x439936 0x449ade 0x8ddf1a 0x46b7e1
#	0x8ddf19	github.com/hirochachacha/go-smb2.(*conn).runSender+0xd9	/home/fregie/go/pkg/mod/github.com/hirochachacha/go-smb2@v1.1.0/conn.go:490

